2019-01-18 15:44:19.357  INFO 7552 --- [restartedMain] b.e.w.api.MaximizeSeuTempoApplication    : Starting MaximizeSeuTempoApplication on STFALXC039529-L with PID 7552 (C:\Users\tptibaes\personal-projects\spring-boot-travis-ci\MaximizeSeuTempo\target\classes started by tptibaes in C:\Users\tptibaes\personal-projects\spring-boot-travis-ci\MaximizeSeuTempo)
2019-01-18 15:44:19.358  INFO 7552 --- [restartedMain] b.e.w.api.MaximizeSeuTempoApplication    : The following profiles are active: dev
2019-01-18 15:44:19.361  INFO 7552 --- [restartedMain] ationConfigEmbeddedWebApplicationContext : Refreshing org.springframework.boot.context.embedded.AnnotationConfigEmbeddedWebApplicationContext@63200d01: startup date [Fri Jan 18 15:44:19 BRST 2019]; root of context hierarchy
2019-01-18 15:44:20.820  INFO 7552 --- [restartedMain] trationDelegate$BeanPostProcessorChecker : Bean 'org.springframework.transaction.annotation.ProxyTransactionManagementConfiguration' of type [org.springframework.transaction.annotation.ProxyTransactionManagementConfiguration$$EnhancerBySpringCGLIB$$8ab7d0a1] is not eligible for getting processed by all BeanPostProcessors (for example: not eligible for auto-proxying)
2019-01-18 15:44:21.018  INFO 7552 --- [restartedMain] s.b.c.e.t.TomcatEmbeddedServletContainer : Tomcat initialized with port(s): 8081 (http)
2019-01-18 15:44:21.020  INFO 7552 --- [restartedMain] o.apache.catalina.core.StandardService   : Starting service [Tomcat]
2019-01-18 15:44:21.020  INFO 7552 --- [restartedMain] org.apache.catalina.core.StandardEngine  : Starting Servlet Engine: Apache Tomcat/8.5.35
2019-01-18 15:44:21.049  INFO 7552 --- [localhost-startStop-1] o.a.c.c.C.[Tomcat].[localhost].[/]       : Initializing Spring embedded WebApplicationContext
2019-01-18 15:44:21.051  INFO 7552 --- [localhost-startStop-1] o.s.web.context.ContextLoader            : Root WebApplicationContext: initialization completed in 1690 ms
2019-01-18 15:44:21.117  INFO 7552 --- [localhost-startStop-1] o.s.b.w.servlet.ServletRegistrationBean  : Mapping servlet: 'dispatcherServlet' to [/]
2019-01-18 15:44:21.118  INFO 7552 --- [localhost-startStop-1] o.s.b.w.servlet.FilterRegistrationBean   : Mapping filter: 'characterEncodingFilter' to: [/*]
2019-01-18 15:44:21.118  INFO 7552 --- [localhost-startStop-1] o.s.b.w.servlet.FilterRegistrationBean   : Mapping filter: 'hiddenHttpMethodFilter' to: [/*]
2019-01-18 15:44:21.120  INFO 7552 --- [localhost-startStop-1] o.s.b.w.servlet.FilterRegistrationBean   : Mapping filter: 'httpPutFormContentFilter' to: [/*]
2019-01-18 15:44:21.121  INFO 7552 --- [localhost-startStop-1] o.s.b.w.servlet.FilterRegistrationBean   : Mapping filter: 'requestContextFilter' to: [/*]
2019-01-18 15:44:21.573  INFO 7552 --- [restartedMain] o.f.c.i.dbsupport.DbSupportFactory       : Database: jdbc:mysql://localhost:3306/maximize (MySQL 8.0)
2019-01-18 15:44:21.668  INFO 7552 --- [restartedMain] o.f.core.internal.command.DbValidate     : Validated 2 migrations (execution time 00:00.091s)
2019-01-18 15:44:21.698  INFO 7552 --- [restartedMain] o.f.core.internal.command.DbMigrate      : Current version of schema `maximize`: 2
2019-01-18 15:44:21.699  INFO 7552 --- [restartedMain] o.f.core.internal.command.DbMigrate      : Schema `maximize` is up to date. No migration necessary.
2019-01-18 15:44:21.793  INFO 7552 --- [restartedMain] j.LocalContainerEntityManagerFactoryBean : Building JPA container EntityManagerFactory for persistence unit 'default'
2019-01-18 15:44:21.793  INFO 7552 --- [restartedMain] o.hibernate.jpa.internal.util.LogHelper  : HHH000204: Processing PersistenceUnitInfo [
	name: default
	...]
2019-01-18 15:44:21.826  INFO 7552 --- [restartedMain] org.hibernate.dialect.Dialect            : HHH000400: Using dialect: org.hibernate.dialect.MySQL5Dialect
2019-01-18 15:44:21.954  INFO 7552 --- [restartedMain] j.LocalContainerEntityManagerFactoryBean : Initialized JPA EntityManagerFactory for persistence unit 'default'
2019-01-18 15:44:22.247  INFO 7552 --- [restartedMain] s.w.s.m.m.a.RequestMappingHandlerAdapter : Looking for @ControllerAdvice: org.springframework.boot.context.embedded.AnnotationConfigEmbeddedWebApplicationContext@63200d01: startup date [Fri Jan 18 15:44:19 BRST 2019]; root of context hierarchy
2019-01-18 15:44:22.265  INFO 7552 --- [restartedMain] s.w.s.m.m.a.RequestMappingHandlerMapping : Mapped "{[/api/empresa],methods=[POST]}" onto public org.springframework.http.ResponseEntity<br.eti.webstuff.api.web.controller.responses.Response<br.eti.webstuff.api.web.dto.response.EmpresaResponseDto>> br.eti.webstuff.api.web.controller.empresa.EmpresaController.cadastrar(br.eti.webstuff.api.web.dto.request.EmpresaRequestDto,org.springframework.validation.BindingResult) throws java.security.NoSuchAlgorithmException
2019-01-18 15:44:22.266  INFO 7552 --- [restartedMain] s.w.s.m.m.a.RequestMappingHandlerMapping : Mapped "{[/api/empresa/teste],methods=[GET]}" onto public java.lang.String br.eti.webstuff.api.web.controller.empresa.EmpresaController.arquitetura()
2019-01-18 15:44:22.267  INFO 7552 --- [restartedMain] s.w.s.m.m.a.RequestMappingHandlerMapping : Mapped "{[/api/empresa/cnpj/{cnpj}],methods=[GET]}" onto public org.springframework.http.ResponseEntity<br.eti.webstuff.api.web.controller.responses.Response<br.eti.webstuff.api.web.dto.response.EmpresaResponseDto>> br.eti.webstuff.api.web.controller.empresa.EmpresaController.buscarPorCnpj(java.lang.String)
2019-01-18 15:44:22.270  INFO 7552 --- [restartedMain] s.w.s.m.m.a.RequestMappingHandlerMapping : Mapped "{[/api/pessoa/fisica],methods=[POST]}" onto public org.springframework.http.ResponseEntity<br.eti.webstuff.api.web.controller.responses.Response<br.eti.webstuff.api.web.dto.response.PessoaFisicaResponseDto>> br.eti.webstuff.api.web.controller.funcionario.FuncionarioPessoaFisicaController.cadastrarPessoaFisica(br.eti.webstuff.api.web.dto.request.PessoaFisicaRequestDto,org.springframework.validation.BindingResult) throws java.security.NoSuchAlgorithmException
2019-01-18 15:44:22.273  INFO 7552 --- [restartedMain] s.w.s.m.m.a.RequestMappingHandlerMapping : Mapped "{[/error]}" onto public org.springframework.http.ResponseEntity<java.util.Map<java.lang.String, java.lang.Object>> org.springframework.boot.autoconfigure.web.BasicErrorController.error(javax.servlet.http.HttpServletRequest)
2019-01-18 15:44:22.273  INFO 7552 --- [restartedMain] s.w.s.m.m.a.RequestMappingHandlerMapping : Mapped "{[/error],produces=[text/html]}" onto public org.springframework.web.servlet.ModelAndView org.springframework.boot.autoconfigure.web.BasicErrorController.errorHtml(javax.servlet.http.HttpServletRequest,javax.servlet.http.HttpServletResponse)
2019-01-18 15:44:22.282  INFO 7552 --- [restartedMain] o.s.w.s.handler.SimpleUrlHandlerMapping  : Mapped URL path [/webjars/**] onto handler of type [class org.springframework.web.servlet.resource.ResourceHttpRequestHandler]
2019-01-18 15:44:22.282  INFO 7552 --- [restartedMain] o.s.w.s.handler.SimpleUrlHandlerMapping  : Mapped URL path [/**] onto handler of type [class org.springframework.web.servlet.resource.ResourceHttpRequestHandler]
2019-01-18 15:44:22.297  INFO 7552 --- [restartedMain] o.s.w.s.handler.SimpleUrlHandlerMapping  : Mapped URL path [/**/favicon.ico] onto handler of type [class org.springframework.web.servlet.resource.ResourceHttpRequestHandler]
2019-01-18 15:44:22.453  INFO 7552 --- [restartedMain] o.s.b.d.a.OptionalLiveReloadServer       : LiveReload server is running on port 35729
2019-01-18 15:44:22.616  INFO 7552 --- [restartedMain] o.s.j.e.a.AnnotationMBeanExporter        : Registering beans for JMX exposure on startup
2019-01-18 15:44:22.633  INFO 7552 --- [restartedMain] s.b.c.e.t.TomcatEmbeddedServletContainer : Tomcat started on port(s): 8081 (http)
2019-01-18 15:44:22.637  INFO 7552 --- [restartedMain] b.e.w.api.MaximizeSeuTempoApplication    : Started MaximizeSeuTempoApplication in 3.354 seconds (JVM running for 331.013)
2019-01-18 15:44:28.609  INFO 7552 --- [RMI TCP Connection(15)-127.0.0.1] inMXBeanRegistrar$SpringApplicationAdmin : Application shutdown requested.
2019-01-18 15:44:28.619  INFO 7552 --- [RMI TCP Connection(15)-127.0.0.1] ationConfigEmbeddedWebApplicationContext : Closing org.springframework.boot.context.embedded.AnnotationConfigEmbeddedWebApplicationContext@63200d01: startup date [Fri Jan 18 15:44:19 BRST 2019]; root of context hierarchy
2019-01-18 15:44:28.621  INFO 7552 --- [RMI TCP Connection(15)-127.0.0.1] o.s.j.e.a.AnnotationMBeanExporter        : Unregistering JMX-exposed beans on shutdown
2019-01-18 15:44:28.623  INFO 7552 --- [RMI TCP Connection(15)-127.0.0.1] j.LocalContainerEntityManagerFactoryBean : Closing JPA EntityManagerFactory for persistence unit 'default'
2019-01-18 15:44:39.101  INFO 10316 --- [restartedMain] b.e.w.api.MaximizeSeuTempoApplication    : Starting MaximizeSeuTempoApplication on STFALXC039529-L with PID 10316 (C:\Users\tptibaes\personal-projects\spring-boot-travis-ci\MaximizeSeuTempo\target\classes started by tptibaes in C:\Users\tptibaes\personal-projects\spring-boot-travis-ci\MaximizeSeuTempo)
2019-01-18 15:44:39.102  INFO 10316 --- [restartedMain] b.e.w.api.MaximizeSeuTempoApplication    : The following profiles are active: dev
2019-01-18 15:44:39.179  INFO 10316 --- [restartedMain] ationConfigEmbeddedWebApplicationContext : Refreshing org.springframework.boot.context.embedded.AnnotationConfigEmbeddedWebApplicationContext@18af1c07: startup date [Fri Jan 18 15:44:39 BRST 2019]; root of context hierarchy
2019-01-18 15:44:40.918  INFO 10316 --- [restartedMain] trationDelegate$BeanPostProcessorChecker : Bean 'org.springframework.transaction.annotation.ProxyTransactionManagementConfiguration' of type [org.springframework.transaction.annotation.ProxyTransactionManagementConfiguration$$EnhancerBySpringCGLIB$$19830a93] is not eligible for getting processed by all BeanPostProcessors (for example: not eligible for auto-proxying)
2019-01-18 15:44:41.481  INFO 10316 --- [restartedMain] s.b.c.e.t.TomcatEmbeddedServletContainer : Tomcat initialized with port(s): 8081 (http)
2019-01-18 15:44:41.528  INFO 10316 --- [restartedMain] o.apache.catalina.core.StandardService   : Starting service [Tomcat]
2019-01-18 15:44:41.528  INFO 10316 --- [restartedMain] org.apache.catalina.core.StandardEngine  : Starting Servlet Engine: Apache Tomcat/8.5.35
2019-01-18 15:44:41.699  INFO 10316 --- [localhost-startStop-1] o.a.c.c.C.[Tomcat].[localhost].[/]       : Initializing Spring embedded WebApplicationContext
2019-01-18 15:44:41.701  INFO 10316 --- [localhost-startStop-1] o.s.web.context.ContextLoader            : Root WebApplicationContext: initialization completed in 2522 ms
2019-01-18 15:44:41.968  INFO 10316 --- [localhost-startStop-1] o.s.b.w.servlet.ServletRegistrationBean  : Mapping servlet: 'dispatcherServlet' to [/]
2019-01-18 15:44:41.973  INFO 10316 --- [localhost-startStop-1] o.s.b.w.servlet.FilterRegistrationBean   : Mapping filter: 'characterEncodingFilter' to: [/*]
2019-01-18 15:44:41.974  INFO 10316 --- [localhost-startStop-1] o.s.b.w.servlet.FilterRegistrationBean   : Mapping filter: 'hiddenHttpMethodFilter' to: [/*]
2019-01-18 15:44:41.976  INFO 10316 --- [localhost-startStop-1] o.s.b.w.servlet.FilterRegistrationBean   : Mapping filter: 'httpPutFormContentFilter' to: [/*]
2019-01-18 15:44:41.976  INFO 10316 --- [localhost-startStop-1] o.s.b.w.servlet.FilterRegistrationBean   : Mapping filter: 'requestContextFilter' to: [/*]
2019-01-18 15:44:42.375  INFO 10316 --- [restartedMain] o.f.core.internal.util.VersionPrinter    : Flyway 3.2.1 by Boxfuse
2019-01-18 15:44:43.260  INFO 10316 --- [restartedMain] o.f.c.i.dbsupport.DbSupportFactory       : Database: jdbc:mysql://localhost:3306/maximize (MySQL 8.0)
2019-01-18 15:44:43.332  INFO 10316 --- [restartedMain] o.f.core.internal.command.DbValidate     : Validated 2 migrations (execution time 00:00.049s)
2019-01-18 15:44:43.393  INFO 10316 --- [restartedMain] o.f.core.internal.command.DbMigrate      : Current version of schema `maximize`: 2
2019-01-18 15:44:43.394  INFO 10316 --- [restartedMain] o.f.core.internal.command.DbMigrate      : Schema `maximize` is up to date. No migration necessary.
2019-01-18 15:44:43.645  INFO 10316 --- [restartedMain] j.LocalContainerEntityManagerFactoryBean : Building JPA container EntityManagerFactory for persistence unit 'default'
2019-01-18 15:44:43.668  INFO 10316 --- [restartedMain] o.hibernate.jpa.internal.util.LogHelper  : HHH000204: Processing PersistenceUnitInfo [
	name: default
	...]
2019-01-18 15:44:43.771  INFO 10316 --- [restartedMain] org.hibernate.Version                    : HHH000412: Hibernate Core {5.0.12.Final}
2019-01-18 15:44:43.773  INFO 10316 --- [restartedMain] org.hibernate.cfg.Environment            : HHH000206: hibernate.properties not found
2019-01-18 15:44:43.774  INFO 10316 --- [restartedMain] org.hibernate.cfg.Environment            : HHH000021: Bytecode provider name : javassist
2019-01-18 15:44:43.836  INFO 10316 --- [restartedMain] o.hibernate.annotations.common.Version   : HCANN000001: Hibernate Commons Annotations {5.0.1.Final}
2019-01-18 15:44:44.151  INFO 10316 --- [restartedMain] org.hibernate.dialect.Dialect            : HHH000400: Using dialect: org.hibernate.dialect.MySQL5Dialect
2019-01-18 15:44:44.776  INFO 10316 --- [restartedMain] j.LocalContainerEntityManagerFactoryBean : Initialized JPA EntityManagerFactory for persistence unit 'default'
2019-01-18 15:44:45.640  INFO 10316 --- [restartedMain] s.w.s.m.m.a.RequestMappingHandlerAdapter : Looking for @ControllerAdvice: org.springframework.boot.context.embedded.AnnotationConfigEmbeddedWebApplicationContext@18af1c07: startup date [Fri Jan 18 15:44:39 BRST 2019]; root of context hierarchy
2019-01-18 15:44:45.751  INFO 10316 --- [restartedMain] s.w.s.m.m.a.RequestMappingHandlerMapping : Mapped "{[/api/empresa/cnpj/{cnpj}],methods=[GET]}" onto public org.springframework.http.ResponseEntity<br.eti.webstuff.api.web.controller.responses.Response<br.eti.webstuff.api.web.dto.response.EmpresaResponseDto>> br.eti.webstuff.api.web.controller.empresa.EmpresaController.buscarPorCnpj(java.lang.String)
2019-01-18 15:44:45.755  INFO 10316 --- [restartedMain] s.w.s.m.m.a.RequestMappingHandlerMapping : Mapped "{[/api/empresa],methods=[POST]}" onto public org.springframework.http.ResponseEntity<br.eti.webstuff.api.web.controller.responses.Response<br.eti.webstuff.api.web.dto.response.EmpresaResponseDto>> br.eti.webstuff.api.web.controller.empresa.EmpresaController.cadastrar(br.eti.webstuff.api.web.dto.request.EmpresaRequestDto,org.springframework.validation.BindingResult) throws java.security.NoSuchAlgorithmException
2019-01-18 15:44:45.757  INFO 10316 --- [restartedMain] s.w.s.m.m.a.RequestMappingHandlerMapping : Mapped "{[/api/empresa/teste],methods=[GET]}" onto public java.lang.String br.eti.webstuff.api.web.controller.empresa.EmpresaController.arquitetura()
2019-01-18 15:44:45.760  INFO 10316 --- [restartedMain] s.w.s.m.m.a.RequestMappingHandlerMapping : Mapped "{[/api/pessoa/fisica],methods=[POST]}" onto public org.springframework.http.ResponseEntity<br.eti.webstuff.api.web.controller.responses.Response<br.eti.webstuff.api.web.dto.response.PessoaFisicaResponseDto>> br.eti.webstuff.api.web.controller.funcionario.FuncionarioPessoaFisicaController.cadastrarPessoaFisica(br.eti.webstuff.api.web.dto.request.PessoaFisicaRequestDto,org.springframework.validation.BindingResult) throws java.security.NoSuchAlgorithmException
2019-01-18 15:44:45.764  INFO 10316 --- [restartedMain] s.w.s.m.m.a.RequestMappingHandlerMapping : Mapped "{[/error]}" onto public org.springframework.http.ResponseEntity<java.util.Map<java.lang.String, java.lang.Object>> org.springframework.boot.autoconfigure.web.BasicErrorController.error(javax.servlet.http.HttpServletRequest)
2019-01-18 15:44:45.765  INFO 10316 --- [restartedMain] s.w.s.m.m.a.RequestMappingHandlerMapping : Mapped "{[/error],produces=[text/html]}" onto public org.springframework.web.servlet.ModelAndView org.springframework.boot.autoconfigure.web.BasicErrorController.errorHtml(javax.servlet.http.HttpServletRequest,javax.servlet.http.HttpServletResponse)
2019-01-18 15:44:45.804  INFO 10316 --- [restartedMain] o.s.w.s.handler.SimpleUrlHandlerMapping  : Mapped URL path [/webjars/**] onto handler of type [class org.springframework.web.servlet.resource.ResourceHttpRequestHandler]
2019-01-18 15:44:45.804  INFO 10316 --- [restartedMain] o.s.w.s.handler.SimpleUrlHandlerMapping  : Mapped URL path [/**] onto handler of type [class org.springframework.web.servlet.resource.ResourceHttpRequestHandler]
2019-01-18 15:44:45.876  INFO 10316 --- [restartedMain] o.s.w.s.handler.SimpleUrlHandlerMapping  : Mapped URL path [/**/favicon.ico] onto handler of type [class org.springframework.web.servlet.resource.ResourceHttpRequestHandler]
2019-01-18 15:44:46.349  INFO 10316 --- [restartedMain] o.s.b.d.a.OptionalLiveReloadServer       : LiveReload server is running on port 35729
2019-01-18 15:44:46.466  INFO 10316 --- [restartedMain] o.s.j.e.a.AnnotationMBeanExporter        : Registering beans for JMX exposure on startup
2019-01-18 15:44:46.573  INFO 10316 --- [restartedMain] s.b.c.e.t.TomcatEmbeddedServletContainer : Tomcat started on port(s): 8081 (http)
2019-01-18 15:44:46.586  INFO 10316 --- [restartedMain] b.e.w.api.MaximizeSeuTempoApplication    : Started MaximizeSeuTempoApplication in 7.81 seconds (JVM running for 8.931)
2019-01-18 15:45:24.480  INFO 10316 --- [Thread-8] ationConfigEmbeddedWebApplicationContext : Closing org.springframework.boot.context.embedded.AnnotationConfigEmbeddedWebApplicationContext@18af1c07: startup date [Fri Jan 18 15:44:39 BRST 2019]; root of context hierarchy
2019-01-18 15:45:24.483  INFO 10316 --- [Thread-8] o.s.j.e.a.AnnotationMBeanExporter        : Unregistering JMX-exposed beans on shutdown
2019-01-18 15:45:24.486  INFO 10316 --- [Thread-8] j.LocalContainerEntityManagerFactoryBean : Closing JPA EntityManagerFactory for persistence unit 'default'
